[35m[1mScanning dependencies of target _sdr_control_generate_messages_check_deps_SwitchVelocity[0m
[35m[1mScanning dependencies of target roboclaw_interface[0m
[35m[1mScanning dependencies of target std_msgs_generate_messages_eus[0m
[35m[1mScanning dependencies of target rosIOHelper[0m
[35m[1mScanning dependencies of target dimension_interface[0m
[35m[1mScanning dependencies of target roboteq_interface[0m
[35m[1mScanning dependencies of target std_msgs_generate_messages_cpp[0m
[35m[1mScanning dependencies of target std_msgs_generate_messages_nodejs[0m
[35m[1mScanning dependencies of target std_msgs_generate_messages_py[0m
[35m[1mScanning dependencies of target std_msgs_generate_messages_lisp[0m
[  3%] [32mBuilding CXX object CMakeFiles/roboclaw_interface.dir/src/serial_interface.cpp.o[0m
[  7%] [32mBuilding CXX object CMakeFiles/roboclaw_interface.dir/src/roboclaw/RoboClaw.cpp.o[0m
[  7%] Built target std_msgs_generate_messages_eus
[ 11%] [32mBuilding CXX object CMakeFiles/dimension_interface.dir/src/dimension/dimensionInterface.cpp.o[0m
[ 15%] [32mBuilding CXX object CMakeFiles/roboteq_interface.dir/src/roboteq/roboteq_interface.cpp.o[0m
[ 19%] [32mBuilding CXX object CMakeFiles/dimension_interface.dir/src/serial_interface.cpp.o[0m
[ 19%] Built target std_msgs_generate_messages_py
[ 19%] Built target std_msgs_generate_messages_cpp
[ 19%] Built target std_msgs_generate_messages_nodejs
[ 23%] [32mBuilding CXX object CMakeFiles/roboteq_interface.dir/src/serial_interface.cpp.o[0m
[ 23%] Built target std_msgs_generate_messages_lisp
[ 26%] [32mBuilding CXX object CMakeFiles/rosIOHelper.dir/src/rosIOHelper.cpp.o[0m
[ 26%] Built target _sdr_control_generate_messages_check_deps_SwitchVelocity
[35m[1mScanning dependencies of target sdr_control_generate_messages_lisp[0m
[35m[1mScanning dependencies of target sdr_control_generate_messages_cpp[0m
[35m[1mScanning dependencies of target sdr_control_generate_messages_nodejs[0m
[35m[1mScanning dependencies of target sdr_control_generate_messages_eus[0m
[35m[1mScanning dependencies of target sdr_control_generate_messages_py[0m
[ 30%] [34m[1mGenerating Lisp code from sdr_control/SwitchVelocity.srv[0m
[ 38%] [34m[1mGenerating EusLisp code from sdr_control/SwitchVelocity.srv[0m
[ 38%] [34m[1mGenerating Javascript code from sdr_control/SwitchVelocity.srv[0m
[ 42%] [34m[1mGenerating Python code from SRV sdr_control/SwitchVelocity[0m
[ 46%] [34m[1mGenerating C++ code from sdr_control/SwitchVelocity.srv[0m
[ 46%] Built target sdr_control_generate_messages_nodejs
[ 46%] Built target sdr_control_generate_messages_lisp
[ 50%] [34m[1mGenerating EusLisp manifest code for sdr_control[0m
[ 50%] Built target sdr_control_generate_messages_cpp
[ 53%] [34m[1mGenerating Python srv __init__.py for sdr_control[0m
[ 53%] Built target sdr_control_generate_messages_py
[ 53%] Built target sdr_control_generate_messages_eus
[35m[1mScanning dependencies of target sdr_control_generate_messages[0m
[ 53%] Built target sdr_control_generate_messages
[ 57%] [32m[1mLinking CXX shared library /home/ornl-rover/panther_ws/devel/.private/sdr_control/lib/libdimension_interface.so[0m
[ 57%] Built target dimension_interface
[35m[1mScanning dependencies of target syren_aux_node[0m
[ 61%] [32mBuilding CXX object CMakeFiles/syren_aux_node.dir/src/dimension/syren/syren_aux_ros.cpp.o[0m
[ 65%] [32m[1mLinking CXX shared library /home/ornl-rover/panther_ws/devel/.private/sdr_control/lib/libroboteq_interface.so[0m
[ 69%] [32m[1mLinking CXX shared library /home/ornl-rover/panther_ws/devel/.private/sdr_control/lib/libroboclaw_interface.so[0m
[ 69%] Built target roboteq_interface
[ 69%] Built target roboclaw_interface
[35m[1mScanning dependencies of target roboclaw_driver_node[0m
[ 73%] [32mBuilding CXX object CMakeFiles/roboclaw_driver_node.dir/src/roboclaw/roboclaw_driver_node.cpp.o[0m
[ 76%] [32m[1mLinking CXX shared library /home/ornl-rover/panther_ws/devel/.private/sdr_control/lib/librosIOHelper.so[0m
[ 76%] Built target rosIOHelper
[35m[1mScanning dependencies of target sabertooth_driver_node[0m
[35m[1mScanning dependencies of target roboteq_driver_node[0m
[ 80%] [32mBuilding CXX object CMakeFiles/roboteq_driver_node.dir/src/roboteq/roboteq_driver_node.cpp.o[0m
[ 84%] [32mBuilding CXX object CMakeFiles/sabertooth_driver_node.dir/src/dimension/sabertooth/sabertooth_driver_ros.cpp.o[0m
[ 88%] [32m[1mLinking CXX executable /home/ornl-rover/panther_ws/devel/.private/sdr_control/lib/sdr_control/syren_aux_node[0m
[ 88%] Built target syren_aux_node
[ 92%] [32m[1mLinking CXX executable /home/ornl-rover/panther_ws/devel/.private/sdr_control/lib/sdr_control/sabertooth_driver_node[0m
[ 96%] [32m[1mLinking CXX executable /home/ornl-rover/panther_ws/devel/.private/sdr_control/lib/sdr_control/roboteq_driver_node[0m
[ 96%] Built target sabertooth_driver_node
[ 96%] Built target roboteq_driver_node
[100%] [32m[1mLinking CXX executable /home/ornl-rover/panther_ws/devel/.private/sdr_control/lib/sdr_control/roboclaw_driver_node[0m
[100%] Built target roboclaw_driver_node
