Symlinking /home/ornl-rover/panther_ws/devel/lib/libdimension_interface.so
Symlinking /home/ornl-rover/panther_ws/devel/lib/librosIOHelper.so
Symlinking /home/ornl-rover/panther_ws/devel/lib/libroboteq_interface.so
Symlinking /home/ornl-rover/panther_ws/devel/lib/libroboclaw_interface.so
Symlinking /home/ornl-rover/panther_ws/devel/lib/pkgconfig/sdr_control.pc
Symlinking /home/ornl-rover/panther_ws/devel/lib/sdr_control/syren_aux_node
Symlinking /home/ornl-rover/panther_ws/devel/lib/sdr_control/roboteq_driver_node
Symlinking /home/ornl-rover/panther_ws/devel/lib/sdr_control/sabertooth_driver_node
Symlinking /home/ornl-rover/panther_ws/devel/lib/sdr_control/roboclaw_driver_node
Symlinking /home/ornl-rover/panther_ws/devel/lib/python3/dist-packages/sdr_control/__init__.py
Symlinking /home/ornl-rover/panther_ws/devel/lib/python3/dist-packages/sdr_control/srv/_SwitchVelocity.py
Symlinking /home/ornl-rover/panther_ws/devel/lib/python3/dist-packages/sdr_control/srv/__init__.py
Symlinking /home/ornl-rover/panther_ws/devel/include/sdr_control/SwitchVelocityResponse.h
Symlinking /home/ornl-rover/panther_ws/devel/include/sdr_control/SwitchVelocityRequest.h
Symlinking /home/ornl-rover/panther_ws/devel/include/sdr_control/SwitchVelocity.h
Symlinking /home/ornl-rover/panther_ws/devel/share/common-lisp/ros/sdr_control/srv/_package_SwitchVelocity.lisp
Symlinking /home/ornl-rover/panther_ws/devel/share/common-lisp/ros/sdr_control/srv/_package.lisp
Symlinking /home/ornl-rover/panther_ws/devel/share/common-lisp/ros/sdr_control/srv/sdr_control-srv.asd
Symlinking /home/ornl-rover/panther_ws/devel/share/common-lisp/ros/sdr_control/srv/SwitchVelocity.lisp
Symlinking /home/ornl-rover/panther_ws/devel/share/roseus/ros/sdr_control/manifest.l
Symlinking /home/ornl-rover/panther_ws/devel/share/roseus/ros/sdr_control/srv/SwitchVelocity.l
Symlinking /home/ornl-rover/panther_ws/devel/share/sdr_control/cmake/sdr_controlConfig.cmake
Symlinking /home/ornl-rover/panther_ws/devel/share/sdr_control/cmake/sdr_control-msg-paths.cmake
Symlinking /home/ornl-rover/panther_ws/devel/share/sdr_control/cmake/sdr_controlConfig-version.cmake
Symlinking /home/ornl-rover/panther_ws/devel/share/sdr_control/cmake/sdr_control-msg-extras.cmake
Symlinking /home/ornl-rover/panther_ws/devel/share/gennodejs/ros/sdr_control/_index.js
Symlinking /home/ornl-rover/panther_ws/devel/share/gennodejs/ros/sdr_control/srv/SwitchVelocity.js
Symlinking /home/ornl-rover/panther_ws/devel/share/gennodejs/ros/sdr_control/srv/_index.js
